<?xml version="1.0" encoding="UTF-8"?>
<!-- Generated by org.testng.reporters.JUnitReportReporter -->
<testsuite hostname="RJINDAL" name="com.seleniumtests.cucumbertest.java.RunCucumberTests" tests="1" failures="0" timestamp="20 Oct 2014 12:57:21 GMT" time="0.774" errors="0">
  <testcase name="runCukes" time="0.774" classname="com.seleniumtests.cucumbertest.java.RunCucumberTests"/>
</testsuite> <!-- com.seleniumtests.cucumbertest.java.RunCucumberTests -->
